{"C:\\My Files\\University\\Final Year Project\\Base Project\\src\\store\\slices\\authSlice.ts": {"path":"C:\\My Files\\University\\Final Year Project\\Base Project\\src\\store\\slices\\authSlice.ts","statementMap":{"0":{"start":{"line":19,"column":0},"end":{"line":19,"column":24}},"1":{"start":{"line":9,"column":32},"end":{"line":13,"column":2}},"2":{"start":{"line":15,"column":26},"end":{"line":15,"column":86}},"3":{"start":{"line":15,"column":49},"end":{"line":15,"column":85}},"4":{"start":{"line":15,"column":13},"end":{"line":15,"column":26}},"5":{"start":{"line":16,"column":21},"end":{"line":16,"column":112}},"6":{"start":{"line":16,"column":80},"end":{"line":16,"column":111}},"7":{"start":{"line":16,"column":13},"end":{"line":16,"column":21}},"8":{"start":{"line":17,"column":22},"end":{"line":17,"column":53}},"9":{"start":{"line":17,"column":29},"end":{"line":17,"column":52}},"10":{"start":{"line":17,"column":13},"end":{"line":17,"column":22}},"11":{"start":{"line":20,"column":2},"end":{"line":29,"column":3}},"12":{"start":{"line":22,"column":6},"end":{"line":22,"column":51}},"13":{"start":{"line":24,"column":6},"end":{"line":24,"column":87}},"14":{"start":{"line":26,"column":6},"end":{"line":26,"column":62}},"15":{"start":{"line":28,"column":6},"end":{"line":28,"column":19}}},"fnMap":{"0":{"name":"(anonymous_0)","decl":{"start":{"line":15,"column":26},"end":{"line":15,"column":27}},"loc":{"start":{"line":15,"column":49},"end":{"line":15,"column":85}}},"1":{"name":"(anonymous_1)","decl":{"start":{"line":16,"column":21},"end":{"line":16,"column":22}},"loc":{"start":{"line":16,"column":80},"end":{"line":16,"column":111}}},"2":{"name":"(anonymous_2)","decl":{"start":{"line":17,"column":22},"end":{"line":17,"column":25}},"loc":{"start":{"line":17,"column":29},"end":{"line":17,"column":52}}},"3":{"name":"reducer","decl":{"start":{"line":19,"column":24},"end":{"line":19,"column":31}},"loc":{"start":{"line":19,"column":76},"end":{"line":30,"column":1}}}},"branchMap":{"0":{"loc":{"start":{"line":19,"column":32},"end":{"line":19,"column":63}},"type":"default-arg","locations":[{"start":{"line":19,"column":51},"end":{"line":19,"column":63}}]},"1":{"loc":{"start":{"line":20,"column":2},"end":{"line":29,"column":3}},"type":"switch","locations":[{"start":{"line":21,"column":4},"end":{"line":22,"column":51}},{"start":{"line":23,"column":4},"end":{"line":24,"column":87}},{"start":{"line":25,"column":4},"end":{"line":26,"column":62}},{"start":{"line":27,"column":4},"end":{"line":28,"column":19}}]}},"s":{"0":1,"1":1,"2":1,"3":1,"4":1,"5":1,"6":1,"7":1,"8":1,"9":1,"10":1,"11":4,"12":1,"13":1,"14":1,"15":1},"f":{"0":1,"1":1,"2":1,"3":4},"b":{"0":[1],"1":[1,1,1,1]}}
}
